<?xml version="1.0" encoding="utf-8"?><testsuites name="pytest tests"><testsuite name="pytest" errors="0" failures="0" skipped="0" tests="31" time="16.350" timestamp="2026-02-07T15:18:15.059467+00:00" hostname="agent-env-295ba70a-68f3-43e3-b95f-6851983a5ce6"><testcase classname="backend.tests.test_harmoni_api.TestAdminUsers" name="test_get_users_list" time="0.358" /><testcase classname="backend.tests.test_harmoni_api.TestAdminUsers" name="test_get_users_by_role" time="0.075" /><testcase classname="backend.tests.test_harmoni_api.TestAdminUsers" name="test_get_users_with_search" time="0.074" /><testcase classname="backend.tests.test_harmoni_api.TestAdminUsers" name="test_create_user" time="0.213" /><testcase classname="backend.tests.test_harmoni_api.TestAdminUsers" name="test_create_user_duplicate_email" time="0.044" /><testcase classname="backend.tests.test_harmoni_api.TestAdminUsers" name="test_create_user_missing_fields" time="0.013" /><testcase classname="backend.tests.test_harmoni_api.TestAdminStudents" name="test_get_students_list" time="0.307" /><testcase classname="backend.tests.test_harmoni_api.TestAdminStudents" name="test_get_students_with_pagination" time="0.276" /><testcase classname="backend.tests.test_harmoni_api.TestAdminStudents" name="test_create_student" time="0.746" /><testcase classname="backend.tests.test_harmoni_api.TestAdminStudents" name="test_create_student_missing_fields" time="0.011" /><testcase classname="backend.tests.test_harmoni_api.TestAdminClasses" name="test_get_classes_list" time="0.101" /><testcase classname="backend.tests.test_harmoni_api.TestAdminClasses" name="test_create_class" time="0.070" /><testcase classname="backend.tests.test_harmoni_api.TestAdminClasses" name="test_create_class_missing_fields" time="0.011" /><testcase classname="backend.tests.test_harmoni_api.TestDomainsAPI" name="test_get_domains_list" time="0.041" /><testcase classname="backend.tests.test_harmoni_api.TestNotificationsAPI" name="test_get_notifications_list" time="0.129" /><testcase classname="backend.tests.test_harmoni_api.TestNotificationsAPI" name="test_get_notifications_filtered" time="0.102" /><testcase classname="backend.tests.test_harmoni_api.TestNotificationsAPI" name="test_create_notification" time="0.073" /><testcase classname="backend.tests.test_harmoni_api.TestNotificationsAPI" name="test_create_notification_missing_fields" time="0.010" /><testcase classname="backend.tests.test_harmoni_api.TestNotificationsAPI" name="test_update_notification_mark_read" time="0.133" /><testcase classname="backend.tests.test_harmoni_api.TestNotificationsAPI" name="test_delete_notification" time="0.311" /><testcase classname="backend.tests.test_harmoni_api.TestCronJobAPI" name="test_get_cron_jobs_info" time="0.016" /><testcase classname="backend.tests.test_harmoni_api.TestCronJobAPI" name="test_run_cron_job_unauthorized" time="0.009" /><testcase classname="backend.tests.test_harmoni_api.TestCronJobAPI" name="test_run_cron_job_invalid_job" time="0.011" /><testcase classname="backend.tests.test_harmoni_api.TestCronJobAPI" name="test_run_cron_job_activity_recommendations" time="11.742" /><testcase classname="backend.tests.test_harmoni_api.TestPDFReportAPI" name="test_generate_pdf_report" time="0.454" /><testcase classname="backend.tests.test_harmoni_api.TestPDFReportAPI" name="test_generate_pdf_report_invalid_student" time="0.122" /><testcase classname="backend.tests.test_harmoni_api.TestPDFReportAPI" name="test_pdf_report_turkish_characters" time="0.245" /><testcase classname="backend.tests.test_harmoni_api.TestTeacherAssessmentsAPI" name="test_get_assessments_requires_teacher_id" time="0.013" /><testcase classname="backend.tests.test_harmoni_api.TestTeacherAssessmentsAPI" name="test_get_assessments_with_teacher_id" time="0.102" /><testcase classname="backend.tests.test_harmoni_api.TestTeacherAssessmentsAPI" name="test_create_assessment" time="0.422" /><testcase classname="backend.tests.test_harmoni_api.TestTeacherAssessmentsAPI" name="test_create_assessment_missing_fields" time="0.012" /></testsuite></testsuites>